[debug] [2023-06-12T02:02:27.198Z] ----------------------------------------------------------------------
[debug] [2023-06-12T02:02:27.200Z] Command:       C:\Program Files\nodejs\node.exe C:\Users\larin\AppData\Roaming\npm\node_modules\firebase-tools\lib\bin\firebase.js init
[debug] [2023-06-12T02:02:27.200Z] CLI Version:   12.3.1
[debug] [2023-06-12T02:02:27.201Z] Platform:      win32
[debug] [2023-06-12T02:02:27.201Z] Node Version:  v18.16.0
[debug] [2023-06-12T02:02:27.201Z] Time:          Sun Jun 11 2023 23:02:27 GMT-0300 (Horário Padrão de Brasília)
[debug] [2023-06-12T02:02:27.201Z] ----------------------------------------------------------------------
[debug] 
[debug] [2023-06-12T02:02:27.269Z] > command requires scopes: ["email","openid","https://www.googleapis.com/auth/cloudplatformprojects.readonly","https://www.googleapis.com/auth/firebase","https://www.googleapis.com/auth/cloud-platform"]
[debug] [2023-06-12T02:02:27.269Z] > authorizing via signed-in user (larasouza429@gmail.com)
[info] 
     ######## #### ########  ######## ########     ###     ######  ########
     ##        ##  ##     ## ##       ##     ##  ##   ##  ##       ##
     ######    ##  ########  ######   ########  #########  ######  ######
     ##        ##  ##    ##  ##       ##     ## ##     ##       ## ##
     ##       #### ##     ## ######## ########  ##     ##  ######  ########

You're about to initialize a Firebase project in this directory:

  C:\Users\larin\Desktop\HOEX

Before we get started, keep in mind:

  * You are initializing within an existing Firebase project directory

[info] 
=== Project Setup
[info] 
[info] First, let's associate this project directory with a Firebase project.
[info] You can create multiple project aliases by running firebase use --add, 
[info] but for now we'll just set up a default project.
[info] 
[debug] [2023-06-12T02:02:40.325Z] Using project from CLI flag: hoex-162b7
[debug] [2023-06-12T02:02:40.326Z] > refreshing access token with scopes: []
[debug] [2023-06-12T02:02:40.328Z] >>> [apiv2][query] POST https://www.googleapis.com/oauth2/v3/token [none]
[debug] [2023-06-12T02:02:40.328Z] >>> [apiv2][body] POST https://www.googleapis.com/oauth2/v3/token [omitted]
[debug] [2023-06-12T02:02:40.645Z] <<< [apiv2][status] POST https://www.googleapis.com/oauth2/v3/token 200
[debug] [2023-06-12T02:02:40.645Z] <<< [apiv2][body] POST https://www.googleapis.com/oauth2/v3/token [omitted]
[debug] [2023-06-12T02:02:40.654Z] >>> [apiv2][query] GET https://firebase.googleapis.com/v1beta1/projects/hoex-162b7 [none]
[debug] [2023-06-12T02:02:41.146Z] <<< [apiv2][status] GET https://firebase.googleapis.com/v1beta1/projects/hoex-162b7 200
[debug] [2023-06-12T02:02:41.146Z] <<< [apiv2][body] GET https://firebase.googleapis.com/v1beta1/projects/hoex-162b7 {"projectId":"hoex-162b7","projectNumber":"1071010158377","displayName":"HOEX","name":"projects/hoex-162b7","resources":{"hostingSite":"hoex-162b7","realtimeDatabaseInstance":"hoex-162b7-default-rtdb"},"state":"ACTIVE","etag":"1_736a0881-889a-4ae5-9259-a999f261242f"}
[info] i  Using project hoex-162b7 (HOEX) 
[info] 
=== Hosting Setup
[info] 
[info] Your public directory is the folder (relative to your project directory) that
[info] will contain Hosting assets to be uploaded with firebase deploy. If you
[info] have a build process for your assets, use your build's output directory.
[info] 
